00:00:00.165473 VirtualBox GUI VM Selector Window 7.0.10 r158379 win.amd64 (Jul 12 2023 18:34:34) release log
00:00:00.165475 Log opened 2023-09-12T19:20:13.026208600Z
00:00:00.165476 Build Type: release
00:00:00.165479 OS Product: Windows 11
00:00:00.165480 OS Release: 10.0.22621
00:00:00.165481 OS Service Pack: 
00:00:00.261164 DMI Product Name: 82KU
00:00:00.267334 DMI Product Version: IdeaPad 3 15ALC6 Ub
00:00:00.267361 Firmware type: UEFI
00:00:00.268086 Secure Boot: VERR_PRIVILEGE_NOT_HELD
00:00:00.268122 Host RAM: 5989MB (5.8GB) total, 2243MB (2.1GB) available
00:00:00.268131 Executable: C:\Program Files\Oracle\VirtualBox\VirtualBox.exe
00:00:00.268133 Process ID: 17056
00:00:00.268134 Package type: WINDOWS_64BITS_GENERIC
00:00:00.268417 Qt version: 5.15.2
00:00:00.269351 GUI: UIMediumEnumerator: Initial medium-enumeration finished!
00:00:00.293392 GUI: UIMediumEnumerator: Medium-enumeration started...
00:00:01.491715 GUI: UIMediumEnumerator: Medium-enumeration finished!
00:00:18.105067 GUI: UIMediumEnumerator: Medium-enumeration finished!
00:00:22.309388 GUI: UIMediumEnumerator: Medium-enumeration finished!
00:00:55.949236 GUI: UIMediumEnumerator: Medium-enumeration finished!
00:04:37.157727 GUI: UIMediumEnumerator: Medium-enumeration finished!
00:05:44.749202 GUI: UIMediumEnumerator: Medium-enumeration finished!
00:05:58.374524 GUI: UIMediumEnumerator: Medium-enumeration finished!
00:05:58.387623 GUI: UIMediumEnumerator: Medium-enumeration finished!
00:06:02.591216 GUI: UIMediumEnumerator: Medium-enumeration finished!
00:07:54.816801 GUI: UICommon: Handling aboutToQuit request..
00:07:55.672299 GUI: UICommon: aboutToQuit request handled!
