00:00:00.004787 main     VirtualBox COM Server 7.0.10 r158379 win.amd64 (Jul 12 2023 18:34:34) release log
00:00:00.004790 main     Log opened 2023-09-12T19:10:16.125650200Z
00:00:00.004791 main     Build Type: release
00:00:00.004796 main     OS Product: Windows 11
00:00:00.004798 main     OS Release: 10.0.22621
00:00:00.004798 main     OS Service Pack: 
00:00:00.098631 main     DMI Product Name: 82KU
00:00:00.114932 main     DMI Product Version: IdeaPad 3 15ALC6 Ub
00:00:00.114951 main     Firmware type: UEFI
00:00:00.115514 main     Secure Boot: VERR_PRIVILEGE_NOT_HELD
00:00:00.115545 main     Host RAM: 5989MB (5.8GB) total, 2287MB (2.2GB) available
00:00:00.115551 main     Executable: C:\Program Files\Oracle\VirtualBox\VBoxSVC.exe
00:00:00.115552 main     Process ID: 19140
00:00:00.115552 main     Package type: WINDOWS_64BITS_GENERIC
00:00:00.213887          VirtualBox: object creation starts
00:00:00.214263          Home directory: 'C:\Users\ankry\.VirtualBox'
00:00:00.214502          Installed Drivers:
00:00:00.222456            C:\WINDOWS\system32\DRIVERS\VBoxNetLwf.sys (Version: 7.0.10.8379)
00:00:00.223426            C:\WINDOWS\system32\DRIVERS\VBoxUSBMon.sys (Version: 7.0.10.8379)
00:00:00.223851            C:\WINDOWS\system32\DRIVERS\VBoxSup.sys (Version: 7.0.10.8379)
00:00:00.224822            C:\WINDOWS\system32\DRIVERS\VBoxNetAdp6.sys (Version: 7.0.10.8379)
00:00:00.232933          Loading settings file "C:\Users\ankry\.VirtualBox\VirtualBox.xml" with version "1.12-windows"
00:00:00.236115          usbLibGetDevices: Starting USB device enumeration
00:00:00.236379          Getting USB descriptor (id 0) failed (dwErr=31) on hub USB#ROOT_HUB30#5&2117f98d&0&0#{f18a0e88-c30c-11d0-8815-00a0c906bed8} port 3
00:00:00.236644          Getting USB descriptor (id 0) failed (dwErr=31) on hub USB#ROOT_HUB30#5&1e9a8d0&0&0#{f18a0e88-c30c-11d0-8815-00a0c906bed8} port 4
00:00:00.239467          usbLibGetDevices: Found 2 USB devices, 0 captured
00:00:00.239525          USB: Unknown USB device detected (idVendor: 0x0bda, idProduct: 0xc123)
00:00:00.239573          USB: Unknown USB device detected (idVendor: 0x13d3, idProduct: 0x56ff)
00:00:00.360310          netIfIsWireless: CreateFile on '\\.\{473919BF-43B3-411F-A782-174F0184BF93}' failed with rcWin=2 (0x2) - ignoring
00:00:00.367570          HostDnsMonitor: initializing
00:00:00.377949          HostDnsMonitor: updating information
00:00:00.377992          HostDnsMonitor: old information
00:00:00.377993            no server entries
00:00:00.377994            no domain set
00:00:00.377994            no search string entries
00:00:00.377995          HostDnsMonitor: new information
00:00:00.377995            server 1: 192.168.1.1
00:00:00.377996            no domain set
00:00:00.377997            no search string entries
00:00:00.437404          VD: VDInit finished with VINF_SUCCESS
00:00:00.439488          Loading settings file "C:\Users\ankry\VirtualBox VMs\ubuntu\ubuntu.vbox" with version "1.19-windows"
00:00:00.440651          VirtualBox: object created
00:00:00.526851          Saving settings file "C:\Users\ankry\.VirtualBox\VirtualBox.xml" with version "1.12-windows"
00:00:00.530429          Finished saving settings file "C:\Users\ankry\.VirtualBox\VirtualBox.xml"
00:00:00.530773          Saving settings file "C:\Users\ankry\.VirtualBox\VirtualBox.xml" with version "1.12-windows"
00:00:00.533483          Finished saving settings file "C:\Users\ankry\.VirtualBox\VirtualBox.xml"
00:00:00.533740          Saving settings file "C:\Users\ankry\.VirtualBox\VirtualBox.xml" with version "1.12-windows"
00:00:00.536463          Finished saving settings file "C:\Users\ankry\.VirtualBox\VirtualBox.xml"
00:00:01.765154          ERROR [COM]: aRC=VBOX_E_INVALID_VM_STATE (0x80bb0002) aIID={300763af-5d6b-46e6-aa96-273eac15538a} aComponent={MachineWrap} aText={The machine is not mutable (state is PoweredOff)}, preserve=false aResultDetail=0
00:00:05.887775          ERROR [COM]: aRC=VBOX_E_OBJECT_NOT_FOUND (0x80bb0001) aIID={5bfd8965-b81b-469f-8649-f717ce97a5d5} aComponent={NvramStoreWrap} aText={The UEFI NVRAM file is not existing for this machine.}, preserve=false aResultDetail=0
00:00:06.050003          netIfIsWireless: CreateFile on '\\.\{473919BF-43B3-411F-A782-174F0184BF93}' failed with rcWin=2 (0x2) - ignoring
00:00:06.095104          netIfIsWireless: CreateFile on '\\.\{473919BF-43B3-411F-A782-174F0184BF93}' failed with rcWin=2 (0x2) - ignoring
00:00:06.197197          ERROR [COM]: aRC=VBOX_E_INVALID_VM_STATE (0x80bb0002) aIID={300763af-5d6b-46e6-aa96-273eac15538a} aComponent={MachineWrap} aText={The machine is not mutable (state is PoweredOff)}, preserve=false aResultDetail=0
00:00:48.683858          Saving settings file "C:\Users\ankry\.VirtualBox\VirtualBox.xml" with version "1.12-windows"
00:00:48.693114          Finished saving settings file "C:\Users\ankry\.VirtualBox\VirtualBox.xml"
00:00:48.716932          ERROR [COM]: aRC=VBOX_E_INVALID_VM_STATE (0x80bb0002) aIID={300763af-5d6b-46e6-aa96-273eac15538a} aComponent={MachineWrap} aText={The machine is not mutable (state is PoweredOff)}, preserve=false aResultDetail=0
00:01:21.074395          Saving settings file "C:\Users\ankry\.VirtualBox\VirtualBox.xml" with version "1.12-windows"
00:01:21.078021          Finished saving settings file "C:\Users\ankry\.VirtualBox\VirtualBox.xml"
00:01:21.091327          ERROR [COM]: aRC=VBOX_E_INVALID_VM_STATE (0x80bb0002) aIID={300763af-5d6b-46e6-aa96-273eac15538a} aComponent={MachineWrap} aText={The machine is not mutable (state is PoweredOff)}, preserve=false aResultDetail=0
00:01:23.704920          Saving settings file "C:\Users\ankry\.VirtualBox\VirtualBox.xml" with version "1.12-windows"
00:01:23.714778          Finished saving settings file "C:\Users\ankry\.VirtualBox\VirtualBox.xml"
00:01:23.728637          ERROR [COM]: aRC=VBOX_E_INVALID_VM_STATE (0x80bb0002) aIID={300763af-5d6b-46e6-aa96-273eac15538a} aComponent={MachineWrap} aText={The machine is not mutable (state is PoweredOff)}, preserve=false aResultDetail=0
00:01:46.119326          Launched VM: 1625677536 pid: 13708 (0x358c) frontend: GUI/Qt name: ubuntu
00:01:46.142445          ERROR [COM]: aRC=VBOX_E_INVALID_VM_STATE (0x80bb0002) aIID={300763af-5d6b-46e6-aa96-273eac15538a} aComponent={MachineWrap} aText={The machine is not mutable (state is PoweredOff)}, preserve=false aResultDetail=0
00:01:52.028538          ERROR [COM]: aRC=VBOX_E_INVALID_VM_STATE (0x80bb0002) aIID={300763af-5d6b-46e6-aa96-273eac15538a} aComponent={MachineWrap} aText={The machine is not mutable (state is PoweredOff)}, preserve=false aResultDetail=0
00:01:52.774127          ERROR [COM]: aRC=VBOX_E_OBJECT_NOT_FOUND (0x80bb0001) aIID={70401eef-c8e9-466b-9660-45cb3e9979e4} aComponent={ExtPackManagerWrap} aText={No extension pack by the name 'Oracle VM VirtualBox Extension Pack' was found}, preserve=false aResultDetail=0
00:01:54.698466          ERROR [COM]: aRC=VBOX_E_IPRT_ERROR (0x80bb0005) aIID={300763af-5d6b-46e6-aa96-273eac15538a} aComponent={SessionMachine} aText={Saved screenshot data is not available (VERR_NOT_SUPPORTED)}, preserve=false aResultDetail=-37
00:01:54.994451          netIfIsWireless: CreateFile on '\\.\{473919BF-43B3-411F-A782-174F0184BF93}' failed with rcWin=2 (0x2) - ignoring
00:01:55.232027          ERROR [COM]: aRC=VBOX_E_INVALID_VM_STATE (0x80bb0002) aIID={300763af-5d6b-46e6-aa96-273eac15538a} aComponent={SessionMachine} aText={The machine is not mutable or saved (state is Starting)}, preserve=false aResultDetail=0
00:01:55.233537          ERROR [COM]: aRC=VBOX_E_INVALID_VM_STATE (0x80bb0002) aIID={300763af-5d6b-46e6-aa96-273eac15538a} aComponent={MachineWrap} aText={The machine is not mutable (state is Starting)}, preserve=false aResultDetail=0
00:01:55.236090          Saving settings file "C:\Users\ankry\VirtualBox VMs\ubuntu\ubuntu.vbox" with version "1.19-windows"
00:01:55.239133          Finished saving settings file "C:\Users\ankry\VirtualBox VMs\ubuntu\ubuntu.vbox"
00:01:55.254348          ERROR [COM]: aRC=VBOX_E_INVALID_VM_STATE (0x80bb0002) aIID={300763af-5d6b-46e6-aa96-273eac15538a} aComponent={MachineWrap} aText={The machine is not mutable (state is Starting)}, preserve=false aResultDetail=0
00:01:56.628898          ERROR [COM]: aRC=VBOX_E_OBJECT_NOT_FOUND (0x80bb0001) aIID={ad47ad09-787b-44ab-b343-a082a3f2dfb1} aComponent={MediumWrap} aText={Property 'CRYPT/KeyId' does not exist}, preserve=false aResultDetail=0
00:01:56.697605          ERROR [COM]: aRC=VBOX_E_INVALID_VM_STATE (0x80bb0002) aIID={300763af-5d6b-46e6-aa96-273eac15538a} aComponent={MachineWrap} aText={The machine is not mutable (state is Running)}, preserve=false aResultDetail=0
00:01:59.472712          Saving settings file "C:\Users\ankry\VirtualBox VMs\ubuntu\ubuntu.vbox" with version "1.19-windows"
00:01:59.481423          Finished saving settings file "C:\Users\ankry\VirtualBox VMs\ubuntu\ubuntu.vbox"
00:01:59.490948          ERROR [COM]: aRC=VBOX_E_INVALID_VM_STATE (0x80bb0002) aIID={300763af-5d6b-46e6-aa96-273eac15538a} aComponent={MachineWrap} aText={The machine is not mutable (state is Running)}, preserve=false aResultDetail=0
00:03:56.746197 USBPROXY usbLibGetDevices: Starting USB device enumeration
00:03:56.746445 USBPROXY Getting USB descriptor (id 0) failed (dwErr=31) on hub USB#ROOT_HUB30#5&2117f98d&0&0#{f18a0e88-c30c-11d0-8815-00a0c906bed8} port 3
00:03:56.746676 USBPROXY Getting USB descriptor (id 0) failed (dwErr=31) on hub USB#ROOT_HUB30#5&1e9a8d0&0&0#{f18a0e88-c30c-11d0-8815-00a0c906bed8} port 4
00:03:56.746878 USBPROXY usbLibGetDevices: Found 2 USB devices, 0 captured
00:05:23.584122          Saving settings file "C:\Users\ankry\.VirtualBox\VirtualBox.xml" with version "1.12-windows"
00:05:23.593189          Finished saving settings file "C:\Users\ankry\.VirtualBox\VirtualBox.xml"
00:05:37.165703          Saving settings file "C:\Users\ankry\.VirtualBox\VirtualBox.xml" with version "1.12-windows"
00:05:37.174793          Finished saving settings file "C:\Users\ankry\.VirtualBox\VirtualBox.xml"
00:05:37.186043          Saving settings file "C:\Users\ankry\.VirtualBox\VirtualBox.xml" with version "1.12-windows"
00:05:37.188871          Finished saving settings file "C:\Users\ankry\.VirtualBox\VirtualBox.xml"
00:05:51.315256          ERROR [COM]: aRC=VBOX_E_INVALID_VM_STATE (0x80bb0002) aIID={300763af-5d6b-46e6-aa96-273eac15538a} aComponent={MachineWrap} aText={The machine is not mutable (state is Paused)}, preserve=false aResultDetail=0
00:06:00.588582          ERROR [COM]: aRC=VBOX_E_INVALID_VM_STATE (0x80bb0002) aIID={300763af-5d6b-46e6-aa96-273eac15538a} aComponent={MachineWrap} aText={The machine is not mutable (state is Stopping)}, preserve=false aResultDetail=0
00:06:00.598666          Saving settings file "C:\Users\ankry\VirtualBox VMs\ubuntu\ubuntu.vbox" with version "1.19-windows"
00:06:00.602309          Finished saving settings file "C:\Users\ankry\VirtualBox VMs\ubuntu\ubuntu.vbox"
00:06:00.623383          ERROR [COM]: aRC=VBOX_E_INVALID_VM_STATE (0x80bb0002) aIID={300763af-5d6b-46e6-aa96-273eac15538a} aComponent={MachineWrap} aText={The machine is not mutable (state is PoweredOff)}, preserve=false aResultDetail=0
00:06:02.193800          ERROR [COM]: aRC=VBOX_E_INVALID_VM_STATE (0x80bb0002) aIID={300763af-5d6b-46e6-aa96-273eac15538a} aComponent={MachineWrap} aText={The machine is not mutable (state is PoweredOff)}, preserve=false aResultDetail=0
00:06:13.544361          Launched VM: 1625567632 pid: 16324 (0x3fc4) frontend: GUI/Qt name: ubuntu
00:06:13.563451          ERROR [COM]: aRC=VBOX_E_INVALID_VM_STATE (0x80bb0002) aIID={300763af-5d6b-46e6-aa96-273eac15538a} aComponent={MachineWrap} aText={The machine is not mutable (state is PoweredOff)}, preserve=false aResultDetail=0
00:06:19.429100          ERROR [COM]: aRC=VBOX_E_INVALID_VM_STATE (0x80bb0002) aIID={300763af-5d6b-46e6-aa96-273eac15538a} aComponent={MachineWrap} aText={The machine is not mutable (state is PoweredOff)}, preserve=false aResultDetail=0
00:06:20.158920          ERROR [COM]: aRC=VBOX_E_OBJECT_NOT_FOUND (0x80bb0001) aIID={70401eef-c8e9-466b-9660-45cb3e9979e4} aComponent={ExtPackManagerWrap} aText={No extension pack by the name 'Oracle VM VirtualBox Extension Pack' was found}, preserve=false aResultDetail=0
00:06:22.258837          ERROR [COM]: aRC=VBOX_E_IPRT_ERROR (0x80bb0005) aIID={300763af-5d6b-46e6-aa96-273eac15538a} aComponent={SessionMachine} aText={Saved screenshot data is not available (VERR_NOT_SUPPORTED)}, preserve=false aResultDetail=-37
00:06:22.562119          netIfIsWireless: CreateFile on '\\.\{473919BF-43B3-411F-A782-174F0184BF93}' failed with rcWin=2 (0x2) - ignoring
00:06:22.752659          ERROR [COM]: aRC=VBOX_E_INVALID_VM_STATE (0x80bb0002) aIID={300763af-5d6b-46e6-aa96-273eac15538a} aComponent={SessionMachine} aText={The machine is not mutable or saved (state is Starting)}, preserve=false aResultDetail=0
00:06:22.754808          ERROR [COM]: aRC=VBOX_E_INVALID_VM_STATE (0x80bb0002) aIID={300763af-5d6b-46e6-aa96-273eac15538a} aComponent={MachineWrap} aText={The machine is not mutable (state is Starting)}, preserve=false aResultDetail=0
00:06:22.757656          Saving settings file "C:\Users\ankry\VirtualBox VMs\ubuntu\ubuntu.vbox" with version "1.19-windows"
00:06:22.760151          Finished saving settings file "C:\Users\ankry\VirtualBox VMs\ubuntu\ubuntu.vbox"
00:06:22.775723          ERROR [COM]: aRC=VBOX_E_INVALID_VM_STATE (0x80bb0002) aIID={300763af-5d6b-46e6-aa96-273eac15538a} aComponent={MachineWrap} aText={The machine is not mutable (state is Starting)}, preserve=false aResultDetail=0
00:06:24.102107          ERROR [COM]: aRC=VBOX_E_OBJECT_NOT_FOUND (0x80bb0001) aIID={ad47ad09-787b-44ab-b343-a082a3f2dfb1} aComponent={MediumWrap} aText={Property 'CRYPT/KeyId' does not exist}, preserve=false aResultDetail=0
00:06:24.178903          ERROR [COM]: aRC=VBOX_E_INVALID_VM_STATE (0x80bb0002) aIID={300763af-5d6b-46e6-aa96-273eac15538a} aComponent={MachineWrap} aText={The machine is not mutable (state is Running)}, preserve=false aResultDetail=0
00:06:26.940650          Saving settings file "C:\Users\ankry\VirtualBox VMs\ubuntu\ubuntu.vbox" with version "1.19-windows"
00:06:26.948956          Finished saving settings file "C:\Users\ankry\VirtualBox VMs\ubuntu\ubuntu.vbox"
00:06:26.957338          ERROR [COM]: aRC=VBOX_E_INVALID_VM_STATE (0x80bb0002) aIID={300763af-5d6b-46e6-aa96-273eac15538a} aComponent={MachineWrap} aText={The machine is not mutable (state is Running)}, preserve=false aResultDetail=0
00:06:52.421980          ERROR [COM]: aRC=VBOX_E_INVALID_VM_STATE (0x80bb0002) aIID={300763af-5d6b-46e6-aa96-273eac15538a} aComponent={MachineWrap} aText={The machine is not mutable (state is Paused)}, preserve=false aResultDetail=0
00:06:54.758160          ERROR [COM]: aRC=VBOX_E_INVALID_VM_STATE (0x80bb0002) aIID={300763af-5d6b-46e6-aa96-273eac15538a} aComponent={MachineWrap} aText={The machine is not mutable (state is Running)}, preserve=false aResultDetail=0
00:07:04.056995          Saving settings file "C:\Users\ankry\VirtualBox VMs\ubuntu\ubuntu.vbox" with version "1.19-windows"
00:07:04.067721          Finished saving settings file "C:\Users\ankry\VirtualBox VMs\ubuntu\ubuntu.vbox"
00:09:57.011176          Saving settings file "C:\Users\ankry\.VirtualBox\VirtualBox.xml" with version "1.12-windows"
00:09:57.015860          Finished saving settings file "C:\Users\ankry\.VirtualBox\VirtualBox.xml"
00:09:57.016342          Saving settings file "C:\Users\ankry\.VirtualBox\VirtualBox.xml" with version "1.12-windows"
00:09:57.019998          Finished saving settings file "C:\Users\ankry\.VirtualBox\VirtualBox.xml"
00:09:57.020400          Saving settings file "C:\Users\ankry\.VirtualBox\VirtualBox.xml" with version "1.12-windows"
00:09:57.024004          Finished saving settings file "C:\Users\ankry\.VirtualBox\VirtualBox.xml"
00:09:58.266144          ERROR [COM]: aRC=VBOX_E_INVALID_VM_STATE (0x80bb0002) aIID={300763af-5d6b-46e6-aa96-273eac15538a} aComponent={MachineWrap} aText={The machine is not mutable (state is PoweredOff)}, preserve=false aResultDetail=0
00:10:06.244181          Launched VM: 1658615776 pid: 16620 (0x40ec) frontend: GUI/Qt name: ubuntu
00:10:06.266940          ERROR [COM]: aRC=VBOX_E_INVALID_VM_STATE (0x80bb0002) aIID={300763af-5d6b-46e6-aa96-273eac15538a} aComponent={MachineWrap} aText={The machine is not mutable (state is PoweredOff)}, preserve=false aResultDetail=0
00:10:11.880599          ERROR [COM]: aRC=VBOX_E_INVALID_VM_STATE (0x80bb0002) aIID={300763af-5d6b-46e6-aa96-273eac15538a} aComponent={MachineWrap} aText={The machine is not mutable (state is PoweredOff)}, preserve=false aResultDetail=0
00:10:12.568141          ERROR [COM]: aRC=VBOX_E_OBJECT_NOT_FOUND (0x80bb0001) aIID={70401eef-c8e9-466b-9660-45cb3e9979e4} aComponent={ExtPackManagerWrap} aText={No extension pack by the name 'Oracle VM VirtualBox Extension Pack' was found}, preserve=false aResultDetail=0
00:10:14.323274          ERROR [COM]: aRC=VBOX_E_IPRT_ERROR (0x80bb0005) aIID={300763af-5d6b-46e6-aa96-273eac15538a} aComponent={SessionMachine} aText={Saved screenshot data is not available (VERR_NOT_SUPPORTED)}, preserve=false aResultDetail=-37
00:10:14.659513          netIfIsWireless: CreateFile on '\\.\{473919BF-43B3-411F-A782-174F0184BF93}' failed with rcWin=2 (0x2) - ignoring
00:10:14.819300          ERROR [COM]: aRC=VBOX_E_INVALID_VM_STATE (0x80bb0002) aIID={300763af-5d6b-46e6-aa96-273eac15538a} aComponent={SessionMachine} aText={The machine is not mutable or saved (state is Starting)}, preserve=false aResultDetail=0
00:10:14.824524          Saving settings file "C:\Users\ankry\VirtualBox VMs\ubuntu\ubuntu.vbox" with version "1.19-windows"
00:10:14.833382          Finished saving settings file "C:\Users\ankry\VirtualBox VMs\ubuntu\ubuntu.vbox"
00:10:14.833583          ERROR [COM]: aRC=VBOX_E_INVALID_VM_STATE (0x80bb0002) aIID={300763af-5d6b-46e6-aa96-273eac15538a} aComponent={MachineWrap} aText={The machine is not mutable (state is Starting)}, preserve=false aResultDetail=0
00:10:14.847570          ERROR [COM]: aRC=VBOX_E_INVALID_VM_STATE (0x80bb0002) aIID={300763af-5d6b-46e6-aa96-273eac15538a} aComponent={MachineWrap} aText={The machine is not mutable (state is Starting)}, preserve=false aResultDetail=0
00:10:16.193043          ERROR [COM]: aRC=VBOX_E_OBJECT_NOT_FOUND (0x80bb0001) aIID={ad47ad09-787b-44ab-b343-a082a3f2dfb1} aComponent={MediumWrap} aText={Property 'CRYPT/KeyId' does not exist}, preserve=false aResultDetail=0
00:10:16.259956          ERROR [COM]: aRC=VBOX_E_INVALID_VM_STATE (0x80bb0002) aIID={300763af-5d6b-46e6-aa96-273eac15538a} aComponent={MachineWrap} aText={The machine is not mutable (state is Running)}, preserve=false aResultDetail=0
00:10:19.033919          Saving settings file "C:\Users\ankry\VirtualBox VMs\ubuntu\ubuntu.vbox" with version "1.19-windows"
00:10:19.042921          Finished saving settings file "C:\Users\ankry\VirtualBox VMs\ubuntu\ubuntu.vbox"
00:10:19.050864          ERROR [COM]: aRC=VBOX_E_INVALID_VM_STATE (0x80bb0002) aIID={300763af-5d6b-46e6-aa96-273eac15538a} aComponent={MachineWrap} aText={The machine is not mutable (state is Running)}, preserve=false aResultDetail=0
00:10:26.266128          ERROR [COM]: aRC=VBOX_E_INVALID_VM_STATE (0x80bb0002) aIID={300763af-5d6b-46e6-aa96-273eac15538a} aComponent={MachineWrap} aText={The machine is not mutable (state is Paused)}, preserve=false aResultDetail=0
00:10:28.718751          ERROR [COM]: aRC=VBOX_E_INVALID_VM_STATE (0x80bb0002) aIID={300763af-5d6b-46e6-aa96-273eac15538a} aComponent={MachineWrap} aText={The machine is not mutable (state is Stopping)}, preserve=false aResultDetail=0
00:10:28.722292          Saving settings file "C:\Users\ankry\VirtualBox VMs\ubuntu\ubuntu.vbox" with version "1.19-windows"
00:10:28.727104          Finished saving settings file "C:\Users\ankry\VirtualBox VMs\ubuntu\ubuntu.vbox"
00:10:28.751447          ERROR [COM]: aRC=VBOX_E_INVALID_VM_STATE (0x80bb0002) aIID={300763af-5d6b-46e6-aa96-273eac15538a} aComponent={MachineWrap} aText={The machine is not mutable (state is PoweredOff)}, preserve=false aResultDetail=0
00:10:29.794913          ERROR [COM]: aRC=VBOX_E_INVALID_VM_STATE (0x80bb0002) aIID={300763af-5d6b-46e6-aa96-273eac15538a} aComponent={MachineWrap} aText={The machine is not mutable (state is PoweredOff)}, preserve=false aResultDetail=0
00:10:52.670465          Saving settings file "C:\Users\ankry\VirtualBox VMs\ubuntu\ubuntu.vbox" with version "1.19-windows"
00:10:52.673637          Finished saving settings file "C:\Users\ankry\VirtualBox VMs\ubuntu\ubuntu.vbox"
00:10:52.692251          ERROR [COM]: aRC=VBOX_E_INVALID_VM_STATE (0x80bb0002) aIID={300763af-5d6b-46e6-aa96-273eac15538a} aComponent={MachineWrap} aText={The machine is not mutable (state is PoweredOff)}, preserve=false aResultDetail=0
00:13:03.479966          Saving settings file "C:\Users\ankry\.VirtualBox\VirtualBox.xml" with version "1.12-windows"
00:13:03.488522          Finished saving settings file "C:\Users\ankry\.VirtualBox\VirtualBox.xml"
00:13:03.502439          ERROR [COM]: aRC=VBOX_E_INVALID_VM_STATE (0x80bb0002) aIID={300763af-5d6b-46e6-aa96-273eac15538a} aComponent={MachineWrap} aText={The machine is not mutable (state is PoweredOff)}, preserve=false aResultDetail=0
00:13:03.873326          Saving settings file "C:\Users\ankry\.VirtualBox\VirtualBox.xml" with version "1.12-windows"
00:13:03.882768          Finished saving settings file "C:\Users\ankry\.VirtualBox\VirtualBox.xml"
00:13:03.895925          ERROR [COM]: aRC=VBOX_E_INVALID_VM_STATE (0x80bb0002) aIID={300763af-5d6b-46e6-aa96-273eac15538a} aComponent={MachineWrap} aText={The machine is not mutable (state is PoweredOff)}, preserve=false aResultDetail=0
00:13:08.245221          Saving settings file "C:\Users\ankry\.VirtualBox\VirtualBox.xml" with version "1.12-windows"
00:13:08.255110          Finished saving settings file "C:\Users\ankry\.VirtualBox\VirtualBox.xml"
00:13:08.267270          ERROR [COM]: aRC=VBOX_E_INVALID_VM_STATE (0x80bb0002) aIID={300763af-5d6b-46e6-aa96-273eac15538a} aComponent={MachineWrap} aText={The machine is not mutable (state is PoweredOff)}, preserve=false aResultDetail=0
00:13:12.911570          Saving settings file "C:\Users\ankry\.VirtualBox\VirtualBox.xml" with version "1.12-windows"
00:13:12.920774          Finished saving settings file "C:\Users\ankry\.VirtualBox\VirtualBox.xml"
00:13:12.933727          ERROR [COM]: aRC=VBOX_E_INVALID_VM_STATE (0x80bb0002) aIID={300763af-5d6b-46e6-aa96-273eac15538a} aComponent={MachineWrap} aText={The machine is not mutable (state is PoweredOff)}, preserve=false aResultDetail=0
00:14:00.523892          ERROR [COM]: aRC=VBOX_E_OBJECT_NOT_FOUND (0x80bb0001) aIID={5bfd8965-b81b-469f-8649-f717ce97a5d5} aComponent={NvramStoreWrap} aText={The UEFI NVRAM file is not existing for this machine.}, preserve=false aResultDetail=0
00:14:00.683879          netIfIsWireless: CreateFile on '\\.\{473919BF-43B3-411F-A782-174F0184BF93}' failed with rcWin=2 (0x2) - ignoring
00:14:00.729606          netIfIsWireless: CreateFile on '\\.\{473919BF-43B3-411F-A782-174F0184BF93}' failed with rcWin=2 (0x2) - ignoring
00:14:00.815229          ERROR [COM]: aRC=VBOX_E_INVALID_VM_STATE (0x80bb0002) aIID={300763af-5d6b-46e6-aa96-273eac15538a} aComponent={MachineWrap} aText={The machine is not mutable (state is PoweredOff)}, preserve=false aResultDetail=0
00:14:33.834528          Saving settings file "C:\Users\ankry\VirtualBox VMs\ubuntu\ubuntu.vbox" with version "1.19-windows"
00:14:33.838002          Finished saving settings file "C:\Users\ankry\VirtualBox VMs\ubuntu\ubuntu.vbox"
00:14:33.903501          ERROR [COM]: aRC=VBOX_E_INVALID_VM_STATE (0x80bb0002) aIID={300763af-5d6b-46e6-aa96-273eac15538a} aComponent={MachineWrap} aText={The machine is not mutable (state is PoweredOff)}, preserve=false aResultDetail=0
00:14:37.415018          ERROR [COM]: aRC=VBOX_E_OBJECT_NOT_FOUND (0x80bb0001) aIID={5bfd8965-b81b-469f-8649-f717ce97a5d5} aComponent={NvramStoreWrap} aText={The UEFI NVRAM file is not existing for this machine.}, preserve=false aResultDetail=0
00:14:37.452292          netIfIsWireless: CreateFile on '\\.\{473919BF-43B3-411F-A782-174F0184BF93}' failed with rcWin=2 (0x2) - ignoring
00:14:37.509613          netIfIsWireless: CreateFile on '\\.\{473919BF-43B3-411F-A782-174F0184BF93}' failed with rcWin=2 (0x2) - ignoring
00:14:37.679588          ERROR [COM]: aRC=VBOX_E_INVALID_VM_STATE (0x80bb0002) aIID={300763af-5d6b-46e6-aa96-273eac15538a} aComponent={MachineWrap} aText={The machine is not mutable (state is PoweredOff)}, preserve=false aResultDetail=0
00:14:58.548609          ERROR [COM]: aRC=VBOX_E_OBJECT_NOT_FOUND (0x80bb0001) aIID={5bfd8965-b81b-469f-8649-f717ce97a5d5} aComponent={NvramStoreWrap} aText={The UEFI NVRAM file is not existing for this machine.}, preserve=false aResultDetail=0
00:14:58.587748          netIfIsWireless: CreateFile on '\\.\{473919BF-43B3-411F-A782-174F0184BF93}' failed with rcWin=2 (0x2) - ignoring
00:14:58.634019          netIfIsWireless: CreateFile on '\\.\{473919BF-43B3-411F-A782-174F0184BF93}' failed with rcWin=2 (0x2) - ignoring
00:14:58.838457          ERROR [COM]: aRC=VBOX_E_INVALID_VM_STATE (0x80bb0002) aIID={300763af-5d6b-46e6-aa96-273eac15538a} aComponent={MachineWrap} aText={The machine is not mutable (state is PoweredOff)}, preserve=false aResultDetail=0
00:15:41.429446          Saving settings file "C:\Users\ankry\VirtualBox VMs\ubuntu\ubuntu.vbox" with version "1.19-windows"
00:15:41.439265          Finished saving settings file "C:\Users\ankry\VirtualBox VMs\ubuntu\ubuntu.vbox"
00:15:41.494611          ERROR [COM]: aRC=VBOX_E_INVALID_VM_STATE (0x80bb0002) aIID={300763af-5d6b-46e6-aa96-273eac15538a} aComponent={MachineWrap} aText={The machine is not mutable (state is PoweredOff)}, preserve=false aResultDetail=0
00:15:46.447199          Launched VM: 1662095872 pid: 2448 (0x990) frontend: GUI/Qt name: ubuntu
00:15:46.466835          ERROR [COM]: aRC=VBOX_E_INVALID_VM_STATE (0x80bb0002) aIID={300763af-5d6b-46e6-aa96-273eac15538a} aComponent={MachineWrap} aText={The machine is not mutable (state is PoweredOff)}, preserve=false aResultDetail=0
00:15:52.133692          ERROR [COM]: aRC=VBOX_E_INVALID_VM_STATE (0x80bb0002) aIID={300763af-5d6b-46e6-aa96-273eac15538a} aComponent={MachineWrap} aText={The machine is not mutable (state is PoweredOff)}, preserve=false aResultDetail=0
00:15:52.812180          ERROR [COM]: aRC=VBOX_E_OBJECT_NOT_FOUND (0x80bb0001) aIID={70401eef-c8e9-466b-9660-45cb3e9979e4} aComponent={ExtPackManagerWrap} aText={No extension pack by the name 'Oracle VM VirtualBox Extension Pack' was found}, preserve=false aResultDetail=0
00:15:54.517632          ERROR [COM]: aRC=VBOX_E_IPRT_ERROR (0x80bb0005) aIID={300763af-5d6b-46e6-aa96-273eac15538a} aComponent={SessionMachine} aText={Saved screenshot data is not available (VERR_NOT_SUPPORTED)}, preserve=false aResultDetail=-37
00:15:54.728592          ERROR [COM]: aRC=VBOX_E_IPRT_ERROR (0x80bb0005) aIID={300763af-5d6b-46e6-aa96-273eac15538a} aComponent={SessionMachine} aText={Saved screenshot data is not available (VERR_NOT_SUPPORTED)}, preserve=false aResultDetail=-37
00:15:54.841442          netIfIsWireless: CreateFile on '\\.\{473919BF-43B3-411F-A782-174F0184BF93}' failed with rcWin=2 (0x2) - ignoring
00:15:55.085957          ERROR [COM]: aRC=VBOX_E_INVALID_VM_STATE (0x80bb0002) aIID={300763af-5d6b-46e6-aa96-273eac15538a} aComponent={SessionMachine} aText={The machine is not mutable or saved (state is Starting)}, preserve=false aResultDetail=0
00:15:55.088094          ERROR [COM]: aRC=VBOX_E_INVALID_VM_STATE (0x80bb0002) aIID={300763af-5d6b-46e6-aa96-273eac15538a} aComponent={MachineWrap} aText={The machine is not mutable (state is Starting)}, preserve=false aResultDetail=0
00:15:55.092475          Saving settings file "C:\Users\ankry\VirtualBox VMs\ubuntu\ubuntu.vbox" with version "1.19-windows"
00:15:55.097975          Finished saving settings file "C:\Users\ankry\VirtualBox VMs\ubuntu\ubuntu.vbox"
00:15:55.102326          ERROR [COM]: aRC=VBOX_E_INVALID_VM_STATE (0x80bb0002) aIID={300763af-5d6b-46e6-aa96-273eac15538a} aComponent={SessionMachine} aText={The machine is not mutable or saved (state is Starting)}, preserve=false aResultDetail=0
00:15:55.108708          Saving settings file "C:\Users\ankry\VirtualBox VMs\ubuntu\ubuntu.vbox" with version "1.19-windows"
00:15:55.111240          Finished saving settings file "C:\Users\ankry\VirtualBox VMs\ubuntu\ubuntu.vbox"
00:15:55.131024          ERROR [COM]: aRC=VBOX_E_INVALID_VM_STATE (0x80bb0002) aIID={300763af-5d6b-46e6-aa96-273eac15538a} aComponent={MachineWrap} aText={The machine is not mutable (state is Starting)}, preserve=false aResultDetail=0
00:15:56.420062          ERROR [COM]: aRC=VBOX_E_OBJECT_NOT_FOUND (0x80bb0001) aIID={ad47ad09-787b-44ab-b343-a082a3f2dfb1} aComponent={MediumWrap} aText={Property 'CRYPT/KeyId' does not exist}, preserve=false aResultDetail=0
00:15:56.420583          ERROR [COM]: aRC=VBOX_E_OBJECT_NOT_FOUND (0x80bb0001) aIID={ad47ad09-787b-44ab-b343-a082a3f2dfb1} aComponent={MediumWrap} aText={Property 'CRYPT/KeyId' does not exist}, preserve=false aResultDetail=0
00:15:56.522004          ERROR [COM]: aRC=VBOX_E_INVALID_VM_STATE (0x80bb0002) aIID={300763af-5d6b-46e6-aa96-273eac15538a} aComponent={MachineWrap} aText={The machine is not mutable (state is Running)}, preserve=false aResultDetail=0
00:15:59.314255          Saving settings file "C:\Users\ankry\VirtualBox VMs\ubuntu\ubuntu.vbox" with version "1.19-windows"
00:15:59.322885          Finished saving settings file "C:\Users\ankry\VirtualBox VMs\ubuntu\ubuntu.vbox"
00:15:59.334016          ERROR [COM]: aRC=VBOX_E_INVALID_VM_STATE (0x80bb0002) aIID={300763af-5d6b-46e6-aa96-273eac15538a} aComponent={MachineWrap} aText={The machine is not mutable (state is Running)}, preserve=false aResultDetail=0
00:19:19.831514          Saving settings file "C:\Users\ankry\VirtualBox VMs\ubuntu\ubuntu.vbox" with version "1.19-windows"
00:19:19.840467          Finished saving settings file "C:\Users\ankry\VirtualBox VMs\ubuntu\ubuntu.vbox"
00:19:41.908750 main     WM_QUERYENDSESSION: shutdown (0x00000000)
00:19:41.908787 main     VBoxSvc has active connections: bActivity = false, lock count = 2
00:19:42.737605 USBPROXY usbLibGetDevices: Starting USB device enumeration
00:19:42.737954 USBPROXY Getting USB descriptor (id 0) failed (dwErr=31) on hub USB#ROOT_HUB30#5&2117f98d&0&0#{f18a0e88-c30c-11d0-8815-00a0c906bed8} port 3
00:19:42.738163 USBPROXY Getting USB descriptor (id 0) failed (dwErr=31) on hub USB#ROOT_HUB30#5&1e9a8d0&0&0#{f18a0e88-c30c-11d0-8815-00a0c906bed8} port 4
00:19:42.738373 USBPROXY usbLibGetDevices: Found 2 USB devices, 0 captured
00:19:54.967706 main     WM_ENDSESSION: critical (TRUE/0x40000000)
